<?xml version="1.0" encoding="UTF-8"?>
<!-- Generated by org.testng.reporters.JUnitReportReporter -->
<testsuite hostname="Sathishs-MBP" failures="0" tests="2" name="com.seauto.tests.LoginPageTests" time="24.258" errors="0" timestamp="11 Sep 2024 23:17:24 GMT" skipped="0">
  <testcase classname="com.seauto.tests.LoginPageTests" name="test2" time="3.661"/>
  <testcase classname="com.seauto.tests.LoginPageTests" name="test1" time="20.597"/>
</testsuite> <!-- com.seauto.tests.LoginPageTests -->
