<?xml version="1.0" encoding="UTF-8"?>
<!-- Generated by org.testng.reporters.JUnitReportReporter -->
<testsuite hostname="Sathishs-MBP" failures="0" tests="1" name="com.seauto.tests.TC001_AddtoCart" time="24.903" errors="0" timestamp="18 Sep 2024 02:00:39 GMT" skipped="0">
  <testcase classname="com.seauto.tests.TC001_AddtoCart" name="TC001_AddToCart" time="24.903"/>
</testsuite> <!-- com.seauto.tests.TC001_AddtoCart -->
